ARNative/build/outputs/logs/manifest-merger-debug-report.txt
-- Merging decision tree log ---
manifest
ADDED from AndroidManifest.xml:2:1
	xmlns:android
		ADDED from AndroidManifest.xml:2:11
	package
		ADDED from AndroidManifest.xml:3:7
		INJECTED from AndroidManifest.xml:0:0
		INJECTED from AndroidManifest.xml:0:0
	android:versionName
		ADDED from AndroidManifest.xml:5:7
	android:versionCode
		ADDED from AndroidManifest.xml:4:7
		INJECTED from AndroidManifest.xml:0:0
		INJECTED from AndroidManifest.xml:0:0
uses-sdk
ADDED from AndroidManifest.xml:7:3
MERGED from ARNative:ARBaseLib:unspecified:7:5
	android:targetSdkVersion
		ADDED from AndroidManifest.xml:8:29
		INJECTED from AndroidManifest.xml:0:0
		INJECTED from AndroidManifest.xml:0:0
	android:minSdkVersion
		ADDED from AndroidManifest.xml:8:3
		INJECTED from AndroidManifest.xml:0:0
		INJECTED from AndroidManifest.xml:0:0
uses-permission#android.permission.CAMERA
ADDED from AndroidManifest.xml:9:3
	android:name
		ADDED from AndroidManifest.xml:9:20
uses-permission#android.permission.INTERNET
ADDED from AndroidManifest.xml:10:2
	android:name
		ADDED from AndroidManifest.xml:10:19
uses-permission#android.permission.ACCESS_NETWORK_STATE
ADDED from AndroidManifest.xml:11:2
	android:name
		ADDED from AndroidManifest.xml:11:19
uses-feature#android.hardware.camera.any
ADDED from AndroidManifest.xml:12:2
	android:name
		ADDED from AndroidManifest.xml:12:16
uses-feature#android.hardware.camera
ADDED from AndroidManifest.xml:13:2
	android:required
		ADDED from AndroidManifest.xml:13:55
	android:name
		ADDED from AndroidManifest.xml:13:16
uses-feature#android.hardware.camera.autofocus
ADDED from AndroidManifest.xml:14:2
	android:required
		ADDED from AndroidManifest.xml:14:65
	android:name
		ADDED from AndroidManifest.xml:14:16
uses-feature#0x00020000
ADDED from AndroidManifest.xml:15:2
	android:required
		ADDED from AndroidManifest.xml:15:49
	android:glEsVersion
		ADDED from AndroidManifest.xml:15:16
supports-screens
ADDED from AndroidManifest.xml:17:2
	android:largeScreens
		ADDED from AndroidManifest.xml:20:3
	android:anyDensity
		ADDED from AndroidManifest.xml:22:3
	android:normalScreens
		ADDED from AndroidManifest.xml:19:3
	android:xlargeScreens
		ADDED from AndroidManifest.xml:21:3
	android:smallScreens
		ADDED from AndroidManifest.xml:18:3
application
ADDED from AndroidManifest.xml:24:2
	android:label
		ADDED from AndroidManifest.xml:27:6
	android:allowBackup
		ADDED from AndroidManifest.xml:28:68
	android:icon
		ADDED from AndroidManifest.xml:26:6
	android:configChanges
		ADDED from AndroidManifest.xml:28:6
	android:name
		ADDED from AndroidManifest.xml:25:6
activity#org.artoolkit.ar.samples.ARNative.ARNativeActivity
ADDED from AndroidManifest.xml:30:9
	android:label
		ADDED from AndroidManifest.xml:31:19
	android:name
		ADDED from AndroidManifest.xml:30:19
intent-filter#android.intent.action.MAIN+android.intent.category.LAUNCHER
ADDED from AndroidManifest.xml:32:13
action#android.intent.action.MAIN
ADDED from AndroidManifest.xml:33:17
	android:name
		ADDED from AndroidManifest.xml:33:25
category#android.intent.category.LAUNCHER
ADDED from AndroidManifest.xml:34:17
	android:name
		ADDED from AndroidManifest.xml:34:27
activity#org.artoolkit.ar.base.camera.CameraPreferencesActivity
ADDED from AndroidManifest.xml:37:9
	android:name
		ADDED from AndroidManifest.xml:37:19